{
  "RSpec": {
    "coverage": {
      "/Users/coral-ann/Dropbox/Projects/week-10/bank-test/spec/account_spec.rb": {
        "lines": [
          null,
          null,
          1,
          1,
          null,
          1,
          6,
          1,
          null,
          1,
          1,
          null,
          null,
          1,
          1,
          1,
          1,
          null,
          null,
          1,
          1,
          null,
          null,
          null,
          1,
          1,
          2,
          null,
          null,
          1,
          1,
          1,
          null,
          null,
          1,
          1,
          null,
          null,
          null
        ]
      },
      "/Users/coral-ann/Dropbox/Projects/week-10/bank-test/lib/account.rb": {
        "lines": [
          null,
          null,
          1,
          null,
          null,
          1,
          1,
          null,
          1,
          5,
          null,
          null,
          1,
          4,
          4,
          null,
          null,
          1,
          2,
          2,
          null,
          null
        ]
      },
      "/Users/coral-ann/Dropbox/Projects/week-10/bank-test/lib/transaction.rb": {
        "lines": [
          null,
          null,
          1,
          1,
          null,
          null,
          1,
          1,
          null,
          1,
          10,
          10,
          10,
          10,
          null,
          null
        ]
      },
      "/Users/coral-ann/Dropbox/Projects/week-10/bank-test/spec/transaction_spec.rb": {
        "lines": [
          null,
          null,
          1,
          1,
          null,
          1,
          5,
          5,
          null,
          1,
          1,
          null,
          null,
          1,
          1,
          null,
          null,
          1,
          1,
          null,
          null,
          1,
          1,
          null,
          null
        ]
      }
    },
    "timestamp": 1653319316
  }
}
